<?xml version="1.0" encoding="UTF-8"?>
<!-- Generated by org.testng.reporters.JUnitXMLReporter -->
<testsuite ignored="0" hostname="LAPTOP-NRT43TDF" failures="1" tests="2" name="Ecommerce Validation" time="11.393" errors="0" timestamp="2023-01-05T15:46:19 EST">
  <testcase classname="seleniumproject.ecommerceproject.ecommerceValidations" name="LoginError" time="1.355"/>
  <testcase classname="seleniumproject.ecommerceproject.ecommerceValidations" name="WrongProduct" time="1.506">
    <failure type="java.lang.AssertionError" message="expected [true] but found [false]">
      <![CDATA[java.lang.AssertionError: expected [true] but found [false]
at seleniumproject.ecommerceproject.ecommerceValidations.WrongProduct(ecommerceValidations.java:32)
at java.base/java.util.ArrayList.forEach(ArrayList.java:1511)
... Removed 31 stack frames]]>
    </failure>
  </testcase> <!-- WrongProduct -->
</testsuite> <!-- Ecommerce Validation -->
