<?xml version="1.0" encoding="UTF-8"?>
<testng-results ignored="0" total="4" passed="3" failed="1" skipped="0">
  <reporter-output>
  </reporter-output>
  <suite started-at="2023-01-05T15:45:52 EST" name="Suite" finished-at="2023-01-05T15:46:19 EST" duration-ms="26685">
    <groups>
      <group name="Error Validation">
        <method signature="ecommerceValidations.LoginError()[pri:0, instance:seleniumproject.ecommerceproject.ecommerceValidations@5a18cd76]" name="LoginError" class="seleniumproject.ecommerceproject.ecommerceValidations"/>
      </group> <!-- Error Validation -->
    </groups>
    <test started-at="2023-01-05T15:45:52 EST" name="Ecommerce Shopping" finished-at="2023-01-05T15:46:07 EST" duration-ms="14925">
      <class name="seleniumproject.ecommerceproject.ecommerceShopping">
        <test-method is-config="true" signature="startWebsite()[pri:0, instance:seleniumproject.ecommerceproject.ecommerceShopping@d62fe5b]" started-at="2023-01-05T15:45:52 EST" name="startWebsite" finished-at="2023-01-05T15:45:57 EST" duration-ms="4687" status="PASS">
          <reporter-output>
          </reporter-output>
        </test-method> <!-- startWebsite -->
        <test-method signature="EcommerceShopping()[pri:0, instance:seleniumproject.ecommerceproject.ecommerceShopping@d62fe5b]" started-at="2023-01-05T15:45:57 EST" name="EcommerceShopping" finished-at="2023-01-05T15:46:02 EST" duration-ms="4991" status="PASS">
          <reporter-output>
          </reporter-output>
        </test-method> <!-- EcommerceShopping -->
        <test-method is-config="true" signature="closeBrowser()[pri:0, instance:seleniumproject.ecommerceproject.ecommerceShopping@d62fe5b]" started-at="2023-01-05T15:46:02 EST" name="closeBrowser" finished-at="2023-01-05T15:46:02 EST" duration-ms="130" status="PASS">
          <reporter-output>
          </reporter-output>
        </test-method> <!-- closeBrowser -->
        <test-method is-config="true" signature="startWebsite()[pri:0, instance:seleniumproject.ecommerceproject.ecommerceShopping@d62fe5b]" started-at="2023-01-05T15:46:02 EST" name="startWebsite" finished-at="2023-01-05T15:46:06 EST" duration-ms="3978" status="PASS">
          <reporter-output>
          </reporter-output>
        </test-method> <!-- startWebsite -->
        <test-method signature="OrderHistory()[pri:0, instance:seleniumproject.ecommerceproject.ecommerceShopping@d62fe5b]" started-at="2023-01-05T15:46:06 EST" name="OrderHistory" finished-at="2023-01-05T15:46:07 EST" depends-on-methods="seleniumproject.ecommerceproject.ecommerceShopping.EcommerceShopping" duration-ms="966" status="PASS">
          <reporter-output>
          </reporter-output>
        </test-method> <!-- OrderHistory -->
        <test-method is-config="true" signature="closeBrowser()[pri:0, instance:seleniumproject.ecommerceproject.ecommerceShopping@d62fe5b]" started-at="2023-01-05T15:46:07 EST" name="closeBrowser" finished-at="2023-01-05T15:46:07 EST" duration-ms="119" status="PASS">
          <reporter-output>
          </reporter-output>
        </test-method> <!-- closeBrowser -->
      </class> <!-- seleniumproject.ecommerceproject.ecommerceShopping -->
    </test> <!-- Ecommerce Shopping -->
    <test started-at="2023-01-05T15:46:08 EST" name="Ecommerce Validation" finished-at="2023-01-05T15:46:19 EST" duration-ms="11393">
      <class name="seleniumproject.ecommerceproject.ecommerceValidations">
        <test-method is-config="true" signature="startWebsite()[pri:0, instance:seleniumproject.ecommerceproject.ecommerceValidations@5a18cd76]" started-at="2023-01-05T15:46:08 EST" name="startWebsite" finished-at="2023-01-05T15:46:12 EST" duration-ms="4240" status="PASS">
          <reporter-output>
          </reporter-output>
        </test-method> <!-- startWebsite -->
        <test-method signature="LoginError()[pri:0, instance:seleniumproject.ecommerceproject.ecommerceValidations@5a18cd76]" started-at="2023-01-05T15:46:12 EST" name="LoginError" finished-at="2023-01-05T15:46:13 EST" duration-ms="1355" status="PASS">
          <reporter-output>
          </reporter-output>
        </test-method> <!-- LoginError -->
        <test-method is-config="true" signature="closeBrowser()[pri:0, instance:seleniumproject.ecommerceproject.ecommerceValidations@5a18cd76]" started-at="2023-01-05T15:46:13 EST" name="closeBrowser" finished-at="2023-01-05T15:46:13 EST" duration-ms="121" status="PASS">
          <reporter-output>
          </reporter-output>
        </test-method> <!-- closeBrowser -->
        <test-method is-config="true" signature="startWebsite()[pri:0, instance:seleniumproject.ecommerceproject.ecommerceValidations@5a18cd76]" started-at="2023-01-05T15:46:13 EST" name="startWebsite" finished-at="2023-01-05T15:46:17 EST" duration-ms="3839" status="PASS">
          <reporter-output>
          </reporter-output>
        </test-method> <!-- startWebsite -->
        <test-method signature="WrongProduct()[pri:0, instance:seleniumproject.ecommerceproject.ecommerceValidations@5a18cd76]" started-at="2023-01-05T15:46:17 EST" name="WrongProduct" finished-at="2023-01-05T15:46:19 EST" duration-ms="1506" status="FAIL">
          <exception class="java.lang.AssertionError">
            <message>
              <![CDATA[expected [true] but found [false]]]>
            </message>
            <full-stacktrace>
              <![CDATA[java.lang.AssertionError: expected [true] but found [false]
at org.testng.Assert.fail(Assert.java:110)
at org.testng.Assert.failNotEquals(Assert.java:1413)
at org.testng.Assert.assertTrue(Assert.java:56)
at org.testng.Assert.assertTrue(Assert.java:66)
at seleniumproject.ecommerceproject.ecommerceValidations.WrongProduct(ecommerceValidations.java:32)
at java.base/jdk.internal.reflect.NativeMethodAccessorImpl.invoke0(Native Method)
at java.base/jdk.internal.reflect.NativeMethodAccessorImpl.invoke(NativeMethodAccessorImpl.java:77)
at java.base/jdk.internal.reflect.DelegatingMethodAccessorImpl.invoke(DelegatingMethodAccessorImpl.java:43)
at java.base/java.lang.reflect.Method.invoke(Method.java:568)
at org.testng.internal.invokers.MethodInvocationHelper.invokeMethod(MethodInvocationHelper.java:139)
at org.testng.internal.invokers.TestInvoker.invokeMethod(TestInvoker.java:677)
at org.testng.internal.invokers.TestInvoker.invokeTestMethod(TestInvoker.java:221)
at org.testng.internal.invokers.MethodRunner.runInSequence(MethodRunner.java:50)
at org.testng.internal.invokers.TestInvoker$MethodInvocationAgent.invoke(TestInvoker.java:969)
at org.testng.internal.invokers.TestInvoker.invokeTestMethods(TestInvoker.java:194)
at org.testng.internal.invokers.TestMethodWorker.invokeTestMethods(TestMethodWorker.java:148)
at org.testng.internal.invokers.TestMethodWorker.run(TestMethodWorker.java:128)
at java.base/java.util.ArrayList.forEach(ArrayList.java:1511)
at org.testng.TestRunner.privateRun(TestRunner.java:829)
at org.testng.TestRunner.run(TestRunner.java:602)
at org.testng.SuiteRunner.runTest(SuiteRunner.java:437)
at org.testng.SuiteRunner.runSequentially(SuiteRunner.java:431)
at org.testng.SuiteRunner.privateRun(SuiteRunner.java:391)
at org.testng.SuiteRunner.run(SuiteRunner.java:330)
at org.testng.SuiteRunnerWorker.runSuite(SuiteRunnerWorker.java:52)
at org.testng.SuiteRunnerWorker.run(SuiteRunnerWorker.java:95)
at org.testng.TestNG.runSuitesSequentially(TestNG.java:1256)
at org.testng.TestNG.runSuitesLocally(TestNG.java:1176)
at org.testng.TestNG.runSuites(TestNG.java:1099)
at org.testng.TestNG.run(TestNG.java:1067)
at org.testng.remote.AbstractRemoteTestNG.run(AbstractRemoteTestNG.java:115)
at org.testng.remote.RemoteTestNG.initAndRun(RemoteTestNG.java:251)
at org.testng.remote.RemoteTestNG.main(RemoteTestNG.java:77)
]]>
            </full-stacktrace>
          </exception> <!-- java.lang.AssertionError -->
          <reporter-output>
          </reporter-output>
        </test-method> <!-- WrongProduct -->
        <test-method is-config="true" signature="closeBrowser()[pri:0, instance:seleniumproject.ecommerceproject.ecommerceValidations@5a18cd76]" started-at="2023-01-05T15:46:19 EST" name="closeBrowser" finished-at="2023-01-05T15:46:19 EST" duration-ms="117" status="PASS">
          <reporter-output>
          </reporter-output>
        </test-method> <!-- closeBrowser -->
      </class> <!-- seleniumproject.ecommerceproject.ecommerceValidations -->
    </test> <!-- Ecommerce Validation -->
  </suite> <!-- Suite -->
</testng-results>
